# JRE version: OpenJDK Runtime Environment (8.0_312-b07) (build 1.8.0_312-b07)
# Java VM: OpenJDK 64-Bit Server VM (25.312-b07 mixed mode windows-amd64 compressed oops)
Heap:
 PSYoungGen      total 186368K, used 31475K [0x00000000e0000000, 0x00000000ef900000, 0x0000000100000000)
  eden space 165888K, 6% used [0x00000000e0000000,0x00000000e0ac04e8,0x00000000ea200000)
  from space 20480K, 99% used [0x00000000ea200000,0x00000000eb5fcae0,0x00000000eb600000)
  to   space 32256K, 0% used [0x00000000ed980000,0x00000000ed980000,0x00000000ef900000)
 ParOldGen       total 260096K, used 58134K [0x00000000a0000000, 0x00000000afe00000, 0x00000000e0000000)
  object space 260096K, 22% used [0x00000000a0000000,0x00000000a38c5820,0x00000000afe00000)
 Metaspace       used 83222K, capacity 88620K, committed 88832K, reserved 1126400K
  class space    used 11356K, capacity 12267K, committed 12288K, reserved 1048576K
GC Heap History (10 events):
Event: 5.646 GC heap before
{Heap before GC invocations=12 (full 3):
 PSYoungGen      total 146432K, used 15282K [0x00000000e0000000, 0x00000000ec200000, 0x0000000100000000)
  eden space 129024K, 0% used [0x00000000e0000000,0x00000000e0000000,0x00000000e7e00000)
  from space 17408K, 87% used [0x00000000e7e00000,0x00000000e8cecbf0,0x00000000e8f00000)
  to   space 18432K, 0% used [0x00000000eb000000,0x00000000eb000000,0x00000000ec200000)
 ParOldGen       total 179712K, used 19221K [0x00000000a0000000, 0x00000000aaf80000, 0x00000000e0000000)
  object space 179712K, 10% used [0x00000000a0000000,0x00000000a12c54d8,0x00000000aaf80000)
 Metaspace       used 57557K, capacity 59026K, committed 59160K, reserved 1099776K
  class space    used 7905K, capacity 8302K, committed 8320K, reserved 1048576K
Event: 5.758 GC heap after
Heap after GC invocations=12 (full 3):
 PSYoungGen      total 146432K, used 0K [0x00000000e0000000, 0x00000000ec200000, 0x0000000100000000)
  eden space 129024K, 0% used [0x00000000e0000000,0x00000000e0000000,0x00000000e7e00000)
  from space 17408K, 0% used [0x00000000e7e00000,0x00000000e7e00000,0x00000000e8f00000)
  to   space 18432K, 0% used [0x00000000eb000000,0x00000000eb000000,0x00000000ec200000)
 ParOldGen       total 260096K, used 29454K [0x00000000a0000000, 0x00000000afe00000, 0x00000000e0000000)
  object space 260096K, 11% used [0x00000000a0000000,0x00000000a1cc3a00,0x00000000afe00000)
 Metaspace       used 57557K, capacity 59026K, committed 59160K, reserved 1099776K
  class space    used 7905K, capacity 8302K, committed 8320K, reserved 1048576K
}
Event: 7.604 GC heap before
{Heap before GC invocations=13 (full 3):
 PSYoungGen      total 146432K, used 129024K [0x00000000e0000000, 0x00000000ec200000, 0x0000000100000000)
  eden space 129024K, 100% used [0x00000000e0000000,0x00000000e7e00000,0x00000000e7e00000)
  from space 17408K, 0% used [0x00000000e7e00000,0x00000000e7e00000,0x00000000e8f00000)
  to   space 18432K, 0% used [0x00000000eb000000,0x00000000eb000000,0x00000000ec200000)
 ParOldGen       total 260096K, used 29454K [0x00000000a0000000, 0x00000000afe00000, 0x00000000e0000000)
  object space 260096K, 11% used [0x00000000a0000000,0x00000000a1cc3a00,0x00000000afe00000)
 Metaspace       used 62202K, capacity 64364K, committed 64640K, reserved 1105920K
  class space    used 8557K, capacity 9017K, committed 9088K, reserved 1048576K
Event: 7.610 GC heap after
Heap after GC invocations=13 (full 3):
 PSYoungGen      total 160256K, used 10425K [0x00000000e0000000, 0x00000000eba80000, 0x0000000100000000)
  eden space 149504K, 0% used [0x00000000e0000000,0x00000000e0000000,0x00000000e9200000)
  from space 10752K, 96% used [0x00000000eb000000,0x00000000eba2e748,0x00000000eba80000)
  to   space 17920K, 0% used [0x00000000e9780000,0x00000000e9780000,0x00000000ea900000)
 ParOldGen       total 260096K, used 29462K [0x00000000a0000000, 0x00000000afe00000, 0x00000000e0000000)
  object space 260096K, 11% used [0x00000000a0000000,0x00000000a1cc5a00,0x00000000afe00000)
 Metaspace       used 62202K, capacity 64364K, committed 64640K, reserved 1105920K
  class space    used 8557K, capacity 9017K, committed 9088K, reserved 1048576K
}
Event: 11.241 GC heap before
{Heap before GC invocations=14 (full 3):
 PSYoungGen      total 160256K, used 159929K [0x00000000e0000000, 0x00000000eba80000, 0x0000000100000000)
  eden space 149504K, 100% used [0x00000000e0000000,0x00000000e9200000,0x00000000e9200000)
  from space 10752K, 96% used [0x00000000eb000000,0x00000000eba2e748,0x00000000eba80000)
  to   space 17920K, 0% used [0x00000000e9780000,0x00000000e9780000,0x00000000ea900000)
 ParOldGen       total 260096K, used 29462K [0x00000000a0000000, 0x00000000afe00000, 0x00000000e0000000)
  object space 260096K, 11% used [0x00000000a0000000,0x00000000a1cc5a00,0x00000000afe00000)
 Metaspace       used 66077K, capacity 68212K, committed 68352K, reserved 1107968K
  class space    used 8978K, capacity 9457K, committed 9472K, reserved 1048576K
Event: 11.247 GC heap after
Heap after GC invocations=14 (full 3):
 PSYoungGen      total 173056K, used 11429K [0x00000000e0000000, 0x00000000ec700000, 0x0000000100000000)
  eden space 155136K, 0% used [0x00000000e0000000,0x00000000e0000000,0x00000000e9780000)
  from space 17920K, 63% used [0x00000000e9780000,0x00000000ea2a9678,0x00000000ea900000)
  to   space 17408K, 0% used [0x00000000eb600000,0x00000000eb600000,0x00000000ec700000)
 ParOldGen       total 260096K, used 29470K [0x00000000a0000000, 0x00000000afe00000, 0x00000000e0000000)
  object space 260096K, 11% used [0x00000000a0000000,0x00000000a1cc7a00,0x00000000afe00000)
 Metaspace       used 66077K, capacity 68212K, committed 68352K, reserved 1107968K
  class space    used 8978K, capacity 9457K, committed 9472K, reserved 1048576K
}
Event: 13.614 GC heap before
{Heap before GC invocations=15 (full 3):
 PSYoungGen      total 173056K, used 166565K [0x00000000e0000000, 0x00000000ec700000, 0x0000000100000000)
  eden space 155136K, 100% used [0x00000000e0000000,0x00000000e9780000,0x00000000e9780000)
  from space 17920K, 63% used [0x00000000e9780000,0x00000000ea2a9678,0x00000000ea900000)
  to   space 17408K, 0% used [0x00000000eb600000,0x00000000eb600000,0x00000000ec700000)
 ParOldGen       total 260096K, used 29470K [0x00000000a0000000, 0x00000000afe00000, 0x00000000e0000000)
  object space 260096K, 11% used [0x00000000a0000000,0x00000000a1cc7a00,0x00000000afe00000)
 Metaspace       used 74707K, capacity 77356K, committed 77440K, reserved 1116160K
  class space    used 10006K, capacity 10573K, committed 10624K, reserved 1048576K
Event: 13.628 GC heap after
Heap after GC invocations=15 (full 3):
 PSYoungGen      total 183296K, used 17399K [0x00000000e0000000, 0x00000000ed200000, 0x0000000100000000)
  eden space 165888K, 0% used [0x00000000e0000000,0x00000000e0000000,0x00000000ea200000)
  from space 17408K, 99% used [0x00000000eb600000,0x00000000ec6fdd30,0x00000000ec700000)
  to   space 20480K, 0% used [0x00000000ea200000,0x00000000ea200000,0x00000000eb600000)
 ParOldGen       total 260096K, used 33541K [0x00000000a0000000, 0x00000000afe00000, 0x00000000e0000000)
  object space 260096K, 12% used [0x00000000a0000000,0x00000000a20c1410,0x00000000afe00000)
 Metaspace       used 74707K, capacity 77356K, committed 77440K, reserved 1116160K
  class space    used 10006K, capacity 10573K, committed 10624K, reserved 1048576K
}
Event: 14.793 GC heap before
{Heap before GC invocations=16 (full 3):
 PSYoungGen      total 183296K, used 183287K [0x00000000e0000000, 0x00000000ed200000, 0x0000000100000000)
  eden space 165888K, 100% used [0x00000000e0000000,0x00000000ea200000,0x00000000ea200000)
  from space 17408K, 99% used [0x00000000eb600000,0x00000000ec6fdd30,0x00000000ec700000)
  to   space 20480K, 0% used [0x00000000ea200000,0x00000000ea200000,0x00000000eb600000)
 ParOldGen       total 260096K, used 33541K [0x00000000a0000000, 0x00000000afe00000, 0x00000000e0000000)
  object space 260096K, 12% used [0x00000000a0000000,0x00000000a20c1410,0x00000000afe00000)
 Metaspace       used 83154K, capacity 88556K, committed 88832K, reserved 1126400K
  class space    used 11356K, capacity 12267K, committed 12288K, reserved 1048576K
Event: 14.813 GC heap after
Heap after GC invocations=16 (full 3):
 PSYoungGen      total 186368K, used 20466K [0x00000000e0000000, 0x00000000ef900000, 0x0000000100000000)
  eden space 165888K, 0% used [0x00000000e0000000,0x00000000e0000000,0x00000000ea200000)
  from space 20480K, 99% used [0x00000000ea200000,0x00000000eb5fcae0,0x00000000eb600000)
  to   space 32256K, 0% used [0x00000000ed980000,0x00000000ed980000,0x00000000ef900000)
 ParOldGen       total 260096K, used 58134K [0x00000000a0000000, 0x00000000afe00000, 0x00000000e0000000)
  object space 260096K, 22% used [0x00000000a0000000,0x00000000a38c5820,0x00000000afe00000)
 Metaspace       used 83154K, capacity 88556K, committed 88832K, reserved 1126400K
  class space    used 11356K, capacity 12267K, committed 12288K, reserved 1048576K
}

